TFile: name=/eos/home-k/kpanos/www/SOS/tests/test_plots2018/plotting/WedNov06/few_sigs_Ptcut4.5/SigVsMassPoints/plots.root, title=, option=CREATE
Opened 2 root files.
Will make plots SigVsMassPoints
BKG yields:	SOS=87.1524402646 (10.3699875361), ALT=112.567870385 (12.0840487539)
DeltaM values chosen, [20, 15, 10, 8, 5]
----------------------------------------------------------------------------------------------------------------------------------------------------------------
TChi150/20	|*|SIG(SOS)=22.604 (3.059), S/sqrtB=2.421 (0.386)	|*|SIG(ALT)=26.925 (3.317), S/sqrtB=2.538 (0.367)	|*|Ratio=1.0481 (0.226)
TChi200/20	|*|SIG(SOS)=11.475 (1.326), S/sqrtB=1.229 (0.176)	|*|SIG(ALT)=13.353 (1.425), S/sqrtB=1.259 (0.165)	|*|Ratio=1.0240 (0.199)
TChi225/20	|*|SIG(SOS)=06.478 (0.725), S/sqrtB=0.694 (0.097)	|*|SIG(ALT)=07.634 (0.791), S/sqrtB=0.719 (0.092)	|*|Ratio=1.0368 (0.197)
TChi250/20	|*|SIG(SOS)=04.521 (0.454), S/sqrtB=0.484 (0.063)	|*|SIG(ALT)=05.517 (0.502), S/sqrtB=0.520 (0.062)	|*|Ratio=1.0738 (0.190)
TChi275/20	|*|SIG(SOS)=03.733 (0.368), S/sqrtB=0.400 (0.052)	|*|SIG(ALT)=04.481 (0.404), S/sqrtB=0.422 (0.050)	|*|Ratio=1.0561 (0.185)
----------------------------------------------------------------------------------------------------------------------------------------------------------------
TChi150/15	|*|SIG(SOS)=17.929 (2.678), S/sqrtB=1.920 (0.329)	|*|SIG(ALT)=24.826 (3.156), S/sqrtB=2.340 (0.346)	|*|Ratio=1.2184 (0.276)
TChi200/15	|*|SIG(SOS)=09.122 (1.091), S/sqrtB=0.977 (0.143)	|*|SIG(ALT)=11.206 (1.207), S/sqrtB=1.056 (0.139)	|*|Ratio=1.0809 (0.213)
TChi225/15	|*|SIG(SOS)=05.893 (0.681), S/sqrtB=0.631 (0.090)	|*|SIG(ALT)=07.229 (0.757), S/sqrtB=0.681 (0.088)	|*|Ratio=1.0795 (0.208)
TChi250/15	|*|SIG(SOS)=03.913 (0.456), S/sqrtB=0.419 (0.060)	|*|SIG(ALT)=05.505 (0.544), S/sqrtB=0.519 (0.065)	|*|Ratio=1.2378 (0.235)
TChi275/15	|*|SIG(SOS)=03.268 (0.364), S/sqrtB=0.350 (0.049)	|*|SIG(ALT)=04.223 (0.414), S/sqrtB=0.398 (0.049)	|*|Ratio=1.1372 (0.212)
----------------------------------------------------------------------------------------------------------------------------------------------------------------
TChi150/10	|*|SIG(SOS)=10.021 (2.121), S/sqrtB=1.073 (0.245)	|*|SIG(ALT)=12.625 (2.355), S/sqrtB=1.190 (0.240)	|*|Ratio=1.1086 (0.337)
TChi200/10	|*|SIG(SOS)=06.170 (0.876), S/sqrtB=0.661 (0.109)	|*|SIG(ALT)=07.563 (0.974), S/sqrtB=0.713 (0.107)	|*|Ratio=1.0786 (0.240)
TChi225/10	|*|SIG(SOS)=03.727 (0.539), S/sqrtB=0.399 (0.067)	|*|SIG(ALT)=05.108 (0.629), S/sqrtB=0.481 (0.070)	|*|Ratio=1.2060 (0.267)
TChi250/10	|*|SIG(SOS)=02.066 (0.332), S/sqrtB=0.221 (0.040)	|*|SIG(ALT)=02.902 (0.388), S/sqrtB=0.274 (0.042)	|*|Ratio=1.2360 (0.294)
TChi275/10	|*|SIG(SOS)=01.612 (0.252), S/sqrtB=0.173 (0.031)	|*|SIG(ALT)=02.066 (0.286), S/sqrtB=0.195 (0.031)	|*|Ratio=1.1275 (0.268)
----------------------------------------------------------------------------------------------------------------------------------------------------------------
TChi150/8	|*|SIG(SOS)=08.250 (1.949), S/sqrtB=0.884 (0.222)	|*|SIG(ALT)=11.921 (2.347), S/sqrtB=1.124 (0.237)	|*|Ratio=1.2715 (0.417)
TChi200/8	|*|SIG(SOS)=03.307 (0.623), S/sqrtB=0.354 (0.073)	|*|SIG(ALT)=04.921 (0.773), S/sqrtB=0.464 (0.081)	|*|Ratio=1.3094 (0.354)
TChi225/8	|*|SIG(SOS)=01.902 (0.416), S/sqrtB=0.204 (0.048)	|*|SIG(ALT)=02.799 (0.514), S/sqrtB=0.264 (0.052)	|*|Ratio=1.2949 (0.398)
TChi250/8	|*|SIG(SOS)=00.863 (0.250), S/sqrtB=0.092 (0.028)	|*|SIG(ALT)=01.179 (0.295), S/sqrtB=0.111 (0.029)	|*|Ratio=1.2024 (0.480)
TChi275/8	|*|SIG(SOS)=00.678 (0.168), S/sqrtB=0.073 (0.019)	|*|SIG(ALT)=01.156 (0.217), S/sqrtB=0.109 (0.022)	|*|Ratio=1.4995 (0.496)
----------------------------------------------------------------------------------------------------------------------------------------------------------------
TChi150/5	|*|SIG(SOS)=01.182 (0.683), S/sqrtB=0.127 (0.074)	|*|SIG(ALT)=01.881 (0.843), S/sqrtB=0.177 (0.081)	|*|Ratio=1.4001 (1.036)
TChi200/5	|*|SIG(SOS)=00.445 (0.249), S/sqrtB=0.048 (0.027)	|*|SIG(ALT)=00.904 (0.369), S/sqrtB=0.085 (0.035)	|*|Ratio=1.7890 (1.256)
TChi225/5	|*|SIG(SOS)=00.542 (0.224), S/sqrtB=0.058 (0.024)	|*|SIG(ALT)=00.542 (0.224), S/sqrtB=0.051 (0.021)	|*|Ratio=0.8799 (0.524)
TChi250/5	|*|SIG(SOS)=00.205 (0.106), S/sqrtB=0.022 (0.012)	|*|SIG(ALT)=00.256 (0.117), S/sqrtB=0.024 (0.011)	|*|Ratio=1.0963 (0.768)
TChi275/5	|*|SIG(SOS)=00.090 (0.064), S/sqrtB=0.010 (0.007)	|*|SIG(ALT)=00.134 (0.077), S/sqrtB=0.013 (0.007)	|*|Ratio=1.3143 (1.210)
